version: (200506)

available memory: 64M bytes
used memory: 131072 bytes [need 128K bytes if disable swap]

used block: 12 [memory(2) file(10)]
                 [ 64K(12) { total 768K bytes } ]
overhead: (31450) bytes for (12) blocks [Average: (2620) bytes/block]

write  => 0(times) 0K(bytes) [0K bytes to file]
read   => 0(times) 0K(bytes) [0K bytes compressed data from file]
access => 0(times) 0K(bytes)
          [hit ratio: 0%]

time: write(0) read(0)  unit: second

swap file directory: (/home/ecegrid/a/595m04/shraddha/Personal/new_protocompiler/mia_mod_2/mia/libnz4w_r.soLog)
used swap file number: (0)



swap file manager:
arrSize: (256)
idxCnt: (2)
closeHead: (0)
closeTail: (0)
openCnt: (0)
fid(1): fd(0) fileName(/home/ecegrid/a/595m04/shraddha/Personal/new_protocompiler/mia_mod_2/mia/libnz4w_r.soLog/_swap_0001#780154781#3762)
	size(0) lastModTime(0) curModTime(1713807467)
	mode(w+b)	hot(0) cool(0) pos(0)
fid(0): fd(0) fileName(NULL)
	mode(NULL)	hot(0) cool(0) pos(0)
