version: (200506)

available memory: 64M bytes
used memory: 131072 bytes [need 128K bytes if disable swap]

used block: 8 [memory(2) file(6)]
                 [ 64K(8) { total 512K bytes } ]
overhead: (22602) bytes for (8) blocks [Average: (2825) bytes/block]

write  => 0(times) 0K(bytes) [0K bytes to file]
read   => 0(times) 0K(bytes) [0K bytes compressed data from file]
access => 0(times) 0K(bytes)
          [hit ratio: 0%]

time: write(0) read(0)  unit: second

swap file directory: (/home/ecegrid/a/595m04/shraddha/Personal/new_protocompiler/memory_original_25_03_24/rom_bdoor_demo_package/libnz4w_r.soLog)
used swap file number: (0)



swap file manager:
arrSize: (256)
idxCnt: (2)
closeHead: (0)
closeTail: (0)
openCnt: (0)
fid(1): fd(0) fileName(/home/ecegrid/a/595m04/shraddha/Personal/new_protocompiler/memory_original_25_03_24/rom_bdoor_demo_package/libnz4w_r.soLog/_swap_0001#780154781#3626)
	size(0) lastModTime(0) curModTime(1711389711)
	mode(w+b)	hot(0) cool(0) pos(0)
fid(0): fd(0) fileName(NULL)
	mode(NULL)	hot(0) cool(0) pos(0)
