*design* DebussyLib (btIdent Verdi_S-2021.09-SP1-1)

*Error* Fail to load KDB verilog/spice cell 'DEFAULT	cnt_demo_top	hdl'. Pleae make sure "-kdb=common_elab" is specified in "vlogan" command!
*Error* Fail to load KDB verilog/spice cell 'DEFAULT	cnt_demo	hdl'. Pleae make sure "-kdb=common_elab" is specified in "vlogan" command!
*Error* Fail to load KDB verilog/spice cell 'DEFAULT	updown_cntr	hdl'. Pleae make sure "-kdb=common_elab" is specified in "vlogan" command!
*Error* Fail to load KDB verilog/spice cell 'DEFAULT	updown_cntr	hdl'. Pleae make sure "-kdb=common_elab" is specified in "vlogan" command!
*Error* Fail to load KDB verilog/spice cell 'DEFAULT	updown_cntr	hdl'. Pleae make sure "-kdb=common_elab" is specified in "vlogan" command!
*Error* Fail to load KDB verilog/spice cell 'DEFAULT	updown_cntr	hdl'. Pleae make sure "-kdb=common_elab" is specified in "vlogan" command!
*Error* Fail to load KDB verilog/spice cell 'DEFAULT	updown_cntr	hdl'. Pleae make sure "-kdb=common_elab" is specified in "vlogan" command!
*Error* Fail to load KDB verilog/spice cell 'DEFAULT	updown_cntr	hdl'. Pleae make sure "-kdb=common_elab" is specified in "vlogan" command!
*Error* Fail to load KDB verilog/spice cell 'DEFAULT	updown_cntr	hdl'. Pleae make sure "-kdb=common_elab" is specified in "vlogan" command!
*Error* Fail to load KDB verilog/spice cell 'DEFAULT	updown_cntr	hdl'. Pleae make sure "-kdb=common_elab" is specified in "vlogan" command!
*Error* Fail to load KDB verilog/spice cell 'DEFAULT	updown_cntr	hdl'. Pleae make sure "-kdb=common_elab" is specified in "vlogan" command!
*Error* Fail to load KDB verilog/spice cell 'DEFAULT	updown_cntr	hdl'. Pleae make sure "-kdb=common_elab" is specified in "vlogan" command!
*Error* Fail to load KDB verilog/spice cell 'DEFAULT	updown_cntr	hdl'. Pleae make sure "-kdb=common_elab" is specified in "vlogan" command!
*Error* Fail to load KDB verilog/spice cell 'DEFAULT	updown_cntr	hdl'. Pleae make sure "-kdb=common_elab" is specified in "vlogan" command!
*Error* Fail to load KDB verilog/spice cell 'DEFAULT	updown_cntr	hdl'. Pleae make sure "-kdb=common_elab" is specified in "vlogan" command!
*Error* Fail to load KDB verilog/spice cell 'DEFAULT	updown_cntr	hdl'. Pleae make sure "-kdb=common_elab" is specified in "vlogan" command!
*Error* Fail to load KDB verilog/spice cell 'DEFAULT	updown_cntr	hdl'. Pleae make sure "-kdb=common_elab" is specified in "vlogan" command!
*Error* Fail to load KDB verilog/spice cell 'DEFAULT	updown_cntr	hdl'. Pleae make sure "-kdb=common_elab" is specified in "vlogan" command!
*Error* Fail to load KDB verilog/spice cell 'DEFAULT	updown_cntr	hdl'. Pleae make sure "-kdb=common_elab" is specified in "vlogan" command!
*Error* Fail to load KDB verilog/spice cell 'DEFAULT	updown_cntr	hdl'. Pleae make sure "-kdb=common_elab" is specified in "vlogan" command!
*Error* Fail to load KDB verilog/spice cell 'DEFAULT	updown_cntr	hdl'. Pleae make sure "-kdb=common_elab" is specified in "vlogan" command!
*Error* Fail to load KDB verilog/spice cell 'DEFAULT	updown_cntr	hdl'. Pleae make sure "-kdb=common_elab" is specified in "vlogan" command!
*Error* Fail to load KDB verilog/spice cell 'DEFAULT	updown_cntr	hdl'. Pleae make sure "-kdb=common_elab" is specified in "vlogan" command!
*Error* Fail to load KDB verilog/spice cell 'DEFAULT	updown_cntr	hdl'. Pleae make sure "-kdb=common_elab" is specified in "vlogan" command!
*Error* Fail to load KDB verilog/spice cell 'DEFAULT	updown_cntr	hdl'. Pleae make sure "-kdb=common_elab" is specified in "vlogan" command!
*Error* Fail to load KDB verilog/spice cell 'DEFAULT	updown_cntr	hdl'. Pleae make sure "-kdb=common_elab" is specified in "vlogan" command!
*Error* Fail to load KDB verilog/spice cell 'DEFAULT	updown_cntr	hdl'. Pleae make sure "-kdb=common_elab" is specified in "vlogan" command!
*Error* Fail to load KDB verilog/spice cell 'DEFAULT	updown_cntr	hdl'. Pleae make sure "-kdb=common_elab" is specified in "vlogan" command!
*Error* Fail to load KDB verilog/spice cell 'DEFAULT	updown_cntr	hdl'. Pleae make sure "-kdb=common_elab" is specified in "vlogan" command!
*Error* Fail to load KDB verilog/spice cell 'DEFAULT	cnt_demo	hdl'. Pleae make sure "-kdb=common_elab" is specified in "vlogan" command!
*Error* Fail to load KDB verilog/spice cell 'DEFAULT	updown_cntr	hdl'. Pleae make sure "-kdb=common_elab" is specified in "vlogan" command!
*Error* Fail to load KDB verilog/spice cell 'DEFAULT	updown_cntr	hdl'. Pleae make sure "-kdb=common_elab" is specified in "vlogan" command!
*Error* Fail to load KDB verilog/spice cell 'DEFAULT	updown_cntr	hdl'. Pleae make sure "-kdb=common_elab" is specified in "vlogan" command!
*Error* Fail to load KDB verilog/spice cell 'DEFAULT	updown_cntr	hdl'. Pleae make sure "-kdb=common_elab" is specified in "vlogan" command!
*Error* Fail to load KDB verilog/spice cell 'DEFAULT	updown_cntr	hdl'. Pleae make sure "-kdb=common_elab" is specified in "vlogan" command!
*Error* Fail to load KDB verilog/spice cell 'DEFAULT	updown_cntr	hdl'. Pleae make sure "-kdb=common_elab" is specified in "vlogan" command!
*Error* Fail to load KDB verilog/spice cell 'DEFAULT	updown_cntr	hdl'. Pleae make sure "-kdb=common_elab" is specified in "vlogan" command!
*Error* Fail to load KDB verilog/spice cell 'DEFAULT	updown_cntr	hdl'. Pleae make sure "-kdb=common_elab" is specified in "vlogan" command!
*Error* Fail to load KDB verilog/spice cell 'DEFAULT	updown_cntr	hdl'. Pleae make sure "-kdb=common_elab" is specified in "vlogan" command!
*Error* Fail to load KDB verilog/spice cell 'DEFAULT	updown_cntr	hdl'. Pleae make sure "-kdb=common_elab" is specified in "vlogan" command!
*Error* Fail to load KDB verilog/spice cell 'DEFAULT	updown_cntr	hdl'. Pleae make sure "-kdb=common_elab" is specified in "vlogan" command!
*Error* Fail to load KDB verilog/spice cell 'DEFAULT	updown_cntr	hdl'. Pleae make sure "-kdb=common_elab" is specified in "vlogan" command!
*Error* Fail to load KDB verilog/spice cell 'DEFAULT	updown_cntr	hdl'. Pleae make sure "-kdb=common_elab" is specified in "vlogan" command!
*Error* Fail to load KDB verilog/spice cell 'DEFAULT	updown_cntr	hdl'. Pleae make sure "-kdb=common_elab" is specified in "vlogan" command!
*Error* Fail to load KDB verilog/spice cell 'DEFAULT	updown_cntr	hdl'. Pleae make sure "-kdb=common_elab" is specified in "vlogan" command!
*Error* Fail to load KDB verilog/spice cell 'DEFAULT	updown_cntr	hdl'. Pleae make sure "-kdb=common_elab" is specified in "vlogan" command!
*Error* Fail to load KDB verilog/spice cell 'DEFAULT	updown_cntr	hdl'. Pleae make sure "-kdb=common_elab" is specified in "vlogan" command!
*Error* Fail to load KDB verilog/spice cell 'DEFAULT	updown_cntr	hdl'. Pleae make sure "-kdb=common_elab" is specified in "vlogan" command!
*Error* Fail to load KDB verilog/spice cell 'DEFAULT	updown_cntr	hdl'. Pleae make sure "-kdb=common_elab" is specified in "vlogan" command!
*Error* Fail to load KDB verilog/spice cell 'DEFAULT	updown_cntr	hdl'. Pleae make sure "-kdb=common_elab" is specified in "vlogan" command!
*Error* Fail to load KDB verilog/spice cell 'DEFAULT	updown_cntr	hdl'. Pleae make sure "-kdb=common_elab" is specified in "vlogan" command!
*Error* Fail to load KDB verilog/spice cell 'DEFAULT	updown_cntr	hdl'. Pleae make sure "-kdb=common_elab" is specified in "vlogan" command!
*Error* Fail to load KDB verilog/spice cell 'DEFAULT	updown_cntr	hdl'. Pleae make sure "-kdb=common_elab" is specified in "vlogan" command!
*Error* Fail to load KDB verilog/spice cell 'DEFAULT	updown_cntr	hdl'. Pleae make sure "-kdb=common_elab" is specified in "vlogan" command!
*Error* Fail to load KDB verilog/spice cell 'DEFAULT	updown_cntr	hdl'. Pleae make sure "-kdb=common_elab" is specified in "vlogan" command!
*Error* Fail to load KDB verilog/spice cell 'DEFAULT	updown_cntr	hdl'. Pleae make sure "-kdb=common_elab" is specified in "vlogan" command!
*Error* Fail to load KDB verilog/spice cell 'DEFAULT	updown_cntr	hdl'. Pleae make sure "-kdb=common_elab" is specified in "vlogan" command!
*Error* Fail to load KDB verilog/spice cell 'DEFAULT	cnt_demo	hdl'. Pleae make sure "-kdb=common_elab" is specified in "vlogan" command!
*Error* Fail to load KDB verilog/spice cell 'DEFAULT	updown_cntr	hdl'. Pleae make sure "-kdb=common_elab" is specified in "vlogan" command!
*Error* Fail to load KDB verilog/spice cell 'DEFAULT	updown_cntr	hdl'. Pleae make sure "-kdb=common_elab" is specified in "vlogan" command!
*Error* Fail to load KDB verilog/spice cell 'DEFAULT	updown_cntr	hdl'. Pleae make sure "-kdb=common_elab" is specified in "vlogan" command!
*Error* Fail to load KDB verilog/spice cell 'DEFAULT	updown_cntr	hdl'. Pleae make sure "-kdb=common_elab" is specified in "vlogan" command!
*Error* Fail to load KDB verilog/spice cell 'DEFAULT	updown_cntr	hdl'. Pleae make sure "-kdb=common_elab" is specified in "vlogan" command!
*Error* Fail to load KDB verilog/spice cell 'DEFAULT	updown_cntr	hdl'. Pleae make sure "-kdb=common_elab" is specified in "vlogan" command!
*Error* Fail to load KDB verilog/spice cell 'DEFAULT	updown_cntr	hdl'. Pleae make sure "-kdb=common_elab" is specified in "vlogan" command!
*Error* Fail to load KDB verilog/spice cell 'DEFAULT	updown_cntr	hdl'. Pleae make sure "-kdb=common_elab" is specified in "vlogan" command!
*Error* Fail to load KDB verilog/spice cell 'DEFAULT	updown_cntr	hdl'. Pleae make sure "-kdb=common_elab" is specified in "vlogan" command!
*Error* Fail to load KDB verilog/spice cell 'DEFAULT	updown_cntr	hdl'. Pleae make sure "-kdb=common_elab" is specified in "vlogan" command!
*Error* Fail to load KDB verilog/spice cell 'DEFAULT	updown_cntr	hdl'. Pleae make sure "-kdb=common_elab" is specified in "vlogan" command!
*Error* Fail to load KDB verilog/spice cell 'DEFAULT	updown_cntr	hdl'. Pleae make sure "-kdb=common_elab" is specified in "vlogan" command!
*Error* Fail to load KDB verilog/spice cell 'DEFAULT	updown_cntr	hdl'. Pleae make sure "-kdb=common_elab" is specified in "vlogan" command!
*Error* Fail to load KDB verilog/spice cell 'DEFAULT	updown_cntr	hdl'. Pleae make sure "-kdb=common_elab" is specified in "vlogan" command!
*Error* Fail to load KDB verilog/spice cell 'DEFAULT	updown_cntr	hdl'. Pleae make sure "-kdb=common_elab" is specified in "vlogan" command!
*Error* Fail to load KDB verilog/spice cell 'DEFAULT	updown_cntr	hdl'. Pleae make sure "-kdb=common_elab" is specified in "vlogan" command!
*Error* Fail to load KDB verilog/spice cell 'DEFAULT	updown_cntr	hdl'. Pleae make sure "-kdb=common_elab" is specified in "vlogan" command!
*Error* Fail to load KDB verilog/spice cell 'DEFAULT	updown_cntr	hdl'. Pleae make sure "-kdb=common_elab" is specified in "vlogan" command!
*Error* Fail to load KDB verilog/spice cell 'DEFAULT	updown_cntr	hdl'. Pleae make sure "-kdb=common_elab" is specified in "vlogan" command!
*Error* Fail to load KDB verilog/spice cell 'DEFAULT	updown_cntr	hdl'. Pleae make sure "-kdb=common_elab" is specified in "vlogan" command!
*Error* Fail to load KDB verilog/spice cell 'DEFAULT	updown_cntr	hdl'. Pleae make sure "-kdb=common_elab" is specified in "vlogan" command!
*Error* Fail to load KDB verilog/spice cell 'DEFAULT	updown_cntr	hdl'. Pleae make sure "-kdb=common_elab" is specified in "vlogan" command!
*Error* Fail to load KDB verilog/spice cell 'DEFAULT	updown_cntr	hdl'. Pleae make sure "-kdb=common_elab" is specified in "vlogan" command!
*Error* Fail to load KDB verilog/spice cell 'DEFAULT	updown_cntr	hdl'. Pleae make sure "-kdb=common_elab" is specified in "vlogan" command!
*Error* Fail to load KDB verilog/spice cell 'DEFAULT	updown_cntr	hdl'. Pleae make sure "-kdb=common_elab" is specified in "vlogan" command!
*Error* Fail to load KDB verilog/spice cell 'DEFAULT	updown_cntr	hdl'. Pleae make sure "-kdb=common_elab" is specified in "vlogan" command!
*Error* Fail to load KDB verilog/spice cell 'DEFAULT	updown_cntr	hdl'. Pleae make sure "-kdb=common_elab" is specified in "vlogan" command!
*Error* Fail to load KDB verilog/spice cell 'DEFAULT	cnt_demo	hdl'. Pleae make sure "-kdb=common_elab" is specified in "vlogan" command!
*Error* Fail to load KDB verilog/spice cell 'DEFAULT	updown_cntr	hdl'. Pleae make sure "-kdb=common_elab" is specified in "vlogan" command!
*Error* Fail to load KDB verilog/spice cell 'DEFAULT	updown_cntr	hdl'. Pleae make sure "-kdb=common_elab" is specified in "vlogan" command!
*Error* Fail to load KDB verilog/spice cell 'DEFAULT	updown_cntr	hdl'. Pleae make sure "-kdb=common_elab" is specified in "vlogan" command!
*Error* Fail to load KDB verilog/spice cell 'DEFAULT	updown_cntr	hdl'. Pleae make sure "-kdb=common_elab" is specified in "vlogan" command!
*Error* Fail to load KDB verilog/spice cell 'DEFAULT	updown_cntr	hdl'. Pleae make sure "-kdb=common_elab" is specified in "vlogan" command!
*Error* Fail to load KDB verilog/spice cell 'DEFAULT	updown_cntr	hdl'. Pleae make sure "-kdb=common_elab" is specified in "vlogan" command!
*Error* Fail to load KDB verilog/spice cell 'DEFAULT	updown_cntr	hdl'. Pleae make sure "-kdb=common_elab" is specified in "vlogan" command!
*Error* Fail to load KDB verilog/spice cell 'DEFAULT	updown_cntr	hdl'. Pleae make sure "-kdb=common_elab" is specified in "vlogan" command!
*Error* Fail to load KDB verilog/spice cell 'DEFAULT	updown_cntr	hdl'. Pleae make sure "-kdb=common_elab" is specified in "vlogan" command!
*Error* Fail to load KDB verilog/spice cell 'DEFAULT	updown_cntr	hdl'. Pleae make sure "-kdb=common_elab" is specified in "vlogan" command!
*Error* Fail to load KDB verilog/spice cell 'DEFAULT	updown_cntr	hdl'. Pleae make sure "-kdb=common_elab" is specified in "vlogan" command!
*Error* Fail to load KDB verilog/spice cell 'DEFAULT	updown_cntr	hdl'. Pleae make sure "-kdb=common_elab" is specified in "vlogan" command!
*Error* Fail to load KDB verilog/spice cell 'DEFAULT	updown_cntr	hdl'. Pleae make sure "-kdb=common_elab" is specified in "vlogan" command!
*Error* Fail to load KDB verilog/spice cell 'DEFAULT	updown_cntr	hdl'. Pleae make sure "-kdb=common_elab" is specified in "vlogan" command!
*Error* Fail to load KDB verilog/spice cell 'DEFAULT	updown_cntr	hdl'. Pleae make sure "-kdb=common_elab" is specified in "vlogan" command!
*Error* Fail to load KDB verilog/spice cell 'DEFAULT	updown_cntr	hdl'. Pleae make sure "-kdb=common_elab" is specified in "vlogan" command!
*Error* Fail to load KDB verilog/spice cell 'DEFAULT	updown_cntr	hdl'. Pleae make sure "-kdb=common_elab" is specified in "vlogan" command!
*Error* Fail to load KDB verilog/spice cell 'DEFAULT	updown_cntr	hdl'. Pleae make sure "-kdb=common_elab" is specified in "vlogan" command!
*Error* Fail to load KDB verilog/spice cell 'DEFAULT	updown_cntr	hdl'. Pleae make sure "-kdb=common_elab" is specified in "vlogan" command!
*Error* Fail to load KDB verilog/spice cell 'DEFAULT	updown_cntr	hdl'. Pleae make sure "-kdb=common_elab" is specified in "vlogan" command!
*Error* Fail to load KDB verilog/spice cell 'DEFAULT	updown_cntr	hdl'. Pleae make sure "-kdb=common_elab" is specified in "vlogan" command!
*Error* Fail to load KDB verilog/spice cell 'DEFAULT	updown_cntr	hdl'. Pleae make sure "-kdb=common_elab" is specified in "vlogan" command!
*Error* Fail to load KDB verilog/spice cell 'DEFAULT	updown_cntr	hdl'. Pleae make sure "-kdb=common_elab" is specified in "vlogan" command!
*Error* Fail to load KDB verilog/spice cell 'DEFAULT	updown_cntr	hdl'. Pleae make sure "-kdb=common_elab" is specified in "vlogan" command!
*Error* Fail to load KDB verilog/spice cell 'DEFAULT	updown_cntr	hdl'. Pleae make sure "-kdb=common_elab" is specified in "vlogan" command!
*Error* Fail to load KDB verilog/spice cell 'DEFAULT	updown_cntr	hdl'. Pleae make sure "-kdb=common_elab" is specified in "vlogan" command!
*Error* Fail to load KDB verilog/spice cell 'DEFAULT	updown_cntr	hdl'. Pleae make sure "-kdb=common_elab" is specified in "vlogan" command!
*Error* Fail to load KDB verilog/spice cell 'DEFAULT	cnt_start_check	hdl'. Pleae make sure "-kdb=common_elab" is specified in "vlogan" command!
*Error* Fail to load KDB verilog/spice cell 'DEFAULT	cnt_start_check	hdl'. Pleae make sure "-kdb=common_elab" is specified in "vlogan" command!
*Error* Fail to load KDB verilog/spice cell 'DEFAULT	cnt_end_check	hdl'. Pleae make sure "-kdb=common_elab" is specified in "vlogan" command!
*Error* Fail to load KDB verilog/spice cell 'DEFAULT	cnt_end_check	hdl'. Pleae make sure "-kdb=common_elab" is specified in "vlogan" command!
*Error* Fail to load KDB verilog/spice cell 'DEFAULT	rom_demo_sp	hdl'. Pleae make sure "-kdb=common_elab" is specified in "vlogan" command!
*Error* Fail to load KDB verilog/spice cell 'DEFAULT	cnt_demo_top	hdl'. Pleae make sure "-kdb=common_elab" is specified in "vlogan" command!

Total	119 error(s),   0 warning(s)
